0 info it worked if it ends with ok
1 verbose cli [ '/home/ubuntu/.nvm/versions/node/v6.11.2/bin/node',
1 verbose cli   '/home/ubuntu/.nvm/versions/node/v6.11.2/bin/npm',
1 verbose cli   'install',
1 verbose cli   'node8' ]
2 info using npm@3.10.10
3 info using node@v6.11.2
4 silly loadCurrentTree Starting
5 silly install loadCurrentTree
6 silly install readLocalPackageData
7 silly fetchPackageMetaData node8
8 silly fetchNamedPackageData node8
9 silly mapToRegistry name node8
10 silly mapToRegistry using default registry
11 silly mapToRegistry registry https://registry.npmjs.org/
12 silly mapToRegistry data Result {
12 silly mapToRegistry   raw: 'node8',
12 silly mapToRegistry   scope: null,
12 silly mapToRegistry   escapedName: 'node8',
12 silly mapToRegistry   name: 'node8',
12 silly mapToRegistry   rawSpec: '',
12 silly mapToRegistry   spec: 'latest',
12 silly mapToRegistry   type: 'tag' }
13 silly mapToRegistry uri https://registry.npmjs.org/node8
14 verbose request uri https://registry.npmjs.org/node8
15 verbose request no auth needed
16 info attempt registry request try #1 at 10:28:31 PM
17 verbose request id d725144806f8fb5b
18 http request GET https://registry.npmjs.org/node8
19 http 200 https://registry.npmjs.org/node8
20 verbose headers { server: 'nginx/1.10.1',
20 verbose headers   'content-type': 'application/json',
20 verbose headers   'last-modified': 'Sun, 30 Oct 2016 08:04:19 GMT',
20 verbose headers   etag: 'W/"5815a983-189"',
20 verbose headers   'content-encoding': 'gzip',
20 verbose headers   'cache-control': 'max-age=300',
20 verbose headers   'content-length': '240',
20 verbose headers   'accept-ranges': 'bytes',
20 verbose headers   date: 'Wed, 25 Oct 2017 22:28:31 GMT',
20 verbose headers   via: '1.1 varnish',
20 verbose headers   age: '0',
20 verbose headers   connection: 'keep-alive',
20 verbose headers   'x-served-by': 'cache-mdw17322-MDW',
20 verbose headers   'x-cache': 'MISS',
20 verbose headers   'x-cache-hits': '0',
20 verbose headers   'x-timer': 'S1508970512.682506,VS0,VE116',
20 verbose headers   vary: 'Accept-Encoding, Accept' }
21 silly get cb [ 200,
21 silly get   { server: 'nginx/1.10.1',
21 silly get     'content-type': 'application/json',
21 silly get     'last-modified': 'Sun, 30 Oct 2016 08:04:19 GMT',
21 silly get     etag: 'W/"5815a983-189"',
21 silly get     'content-encoding': 'gzip',
21 silly get     'cache-control': 'max-age=300',
21 silly get     'content-length': '240',
21 silly get     'accept-ranges': 'bytes',
21 silly get     date: 'Wed, 25 Oct 2017 22:28:31 GMT',
21 silly get     via: '1.1 varnish',
21 silly get     age: '0',
21 silly get     connection: 'keep-alive',
21 silly get     'x-served-by': 'cache-mdw17322-MDW',
21 silly get     'x-cache': 'MISS',
21 silly get     'x-cache-hits': '0',
21 silly get     'x-timer': 'S1508970512.682506,VS0,VE116',
21 silly get     vary: 'Accept-Encoding, Accept' } ]
22 verbose get saving node8 to /home/ubuntu/.npm/registry.npmjs.org/node8/.cache.json
23 verbose correctMkdir /home/ubuntu/.npm correctMkdir not in flight; initializing
24 verbose stack TypeError: Cannot convert undefined or null to object
24 verbose stack     at pickVersionFromRegistryDocument (/home/ubuntu/.nvm/versions/node/v6.11.2/lib/node_modules/npm/lib/fetch-package-metadata.js:125:29)
24 verbose stack     at /home/ubuntu/.nvm/versions/node/v6.11.2/lib/node_modules/npm/node_modules/iferr/index.js:13:50
24 verbose stack     at /home/ubuntu/.nvm/versions/node/v6.11.2/lib/node_modules/npm/lib/utils/pulse-till-done.js:20:8
24 verbose stack     at saved (/home/ubuntu/.nvm/versions/node/v6.11.2/lib/node_modules/npm/lib/cache/caching-client.js:174:7)
24 verbose stack     at /home/ubuntu/.nvm/versions/node/v6.11.2/lib/node_modules/npm/node_modules/graceful-fs/polyfills.js:241:18
24 verbose stack     at FSReqWrap.oncomplete (fs.js:123:15)
25 verbose cwd /home/ubuntu/workspace
26 error Linux 4.9.17-c9
27 error argv "/home/ubuntu/.nvm/versions/node/v6.11.2/bin/node" "/home/ubuntu/.nvm/versions/node/v6.11.2/bin/npm" "install" "node8"
28 error node v6.11.2
29 error npm  v3.10.10
30 error Cannot convert undefined or null to object
31 error If you need help, you may report this error at:
31 error     <https://github.com/npm/npm/issues>
32 verbose exit [ 1, true ]
